<?xml version="1.0" encoding="UTF-8"?>
<!-- Generated by org.testng.reporters.JUnitReportReporter -->
<testsuite hostname="DESKTOP-E16PCLV" failures="0" tests="1" name="com.test.srikanthloguttest" time="8.034" errors="0" timestamp="2023-11-10T11:12:14 IST" skipped="0">
  <testcase classname="com.test.srikanthloguttest" name="log" time="8.034"/>
  <system-out/>
</testsuite> <!-- com.test.srikanthloguttest -->
