<?xml version="1.0" encoding="UTF-8"?>
<!-- Generated by org.testng.reporters.JUnitReportReporter -->
<testsuite hostname="DESKTOP-1KSBD9G" failures="0" tests="1" name="qa.com.testcases.testcaselogin01" time="11.406" errors="0" timestamp="2023-11-03T13:14:00 IST" skipped="0">
  <testcase classname="qa.com.testcases.testcaselogin01" name="log" time="11.406"/>
  <system-out/>
</testsuite> <!-- qa.com.testcases.testcaselogin01 -->
