<?xml version="1.0" encoding="UTF-8"?>
<!-- Generated by org.testng.reporters.JUnitReportReporter -->
<testsuite hostname="DESKTOP-1KSBD9G" failures="0" tests="1" name="qa.com.testcases.Testcase2" time="13.240" errors="0" timestamp="2023-11-03T13:41:49 IST" skipped="0">
  <testcase classname="qa.com.testcases.Testcase2" name="log" time="13.240"/>
  <system-out/>
</testsuite> <!-- qa.com.testcases.Testcase2 -->
