<?xml version="1.0" encoding="UTF-8"?>
<!-- Generated by org.testng.reporters.JUnitReportReporter -->
<testsuite hostname="DESKTOP-E16PCLV" failures="0" tests="1" name="com.test.stockreporttest" time="15.111" errors="0" timestamp="2023-11-10T12:04:07 IST" skipped="0">
  <testcase classname="com.test.stockreporttest" name="log" time="15.111"/>
  <system-out/>
</testsuite> <!-- com.test.stockreporttest -->
