<?xml version="1.0" encoding="UTF-8"?>
<!-- Generated by org.testng.reporters.JUnitReportReporter -->
<testsuite hostname="DESKTOP-MG51026" failures="0" tests="1" name="qa.com.testcases.testcaselogin01" time="6.878" errors="0" timestamp="2023-11-03T11:47:13 IST" skipped="0">
  <testcase classname="qa.com.testcases.testcaselogin01" name="log" time="6.878"/>
  <system-out/>
</testsuite> <!-- qa.com.testcases.testcaselogin01 -->
