<?xml version="1.0" encoding="UTF-8"?>
<!-- Generated by org.testng.reporters.JUnitReportReporter -->
<testsuite hostname="DESKTOP-E16PCLV" failures="0" tests="1" name="qa.com.testcases.testcaselogin01" time="3.835" errors="0" timestamp="2023-11-03T16:03:45 IST" skipped="0">
  <testcase classname="qa.com.testcases.testcaselogin01" name="log" time="3.835"/>
  <system-out/>
</testsuite> <!-- qa.com.testcases.testcaselogin01 -->
