<?xml version="1.0" encoding="UTF-8"?>
<!-- Generated by org.testng.reporters.JUnitReportReporter -->
<testsuite hostname="DESKTOP-E16PCLV" failures="0" tests="1" name="com.test.testcaselogin" time="3.936" errors="0" timestamp="2023-11-10T10:59:07 IST" skipped="0">
  <testcase classname="com.test.testcaselogin" name="log" time="3.936"/>
  <system-out/>
</testsuite> <!-- com.test.testcaselogin -->
