<?xml version="1.0" encoding="UTF-8"?>
<!-- Generated by org.testng.reporters.JUnitReportReporter -->
<testsuite hostname="DESKTOP-VHJSHUQ" failures="0" tests="1" name="qa.com.testcases.Testcase2" time="13.273" errors="0" timestamp="2023-11-06T10:08:14 IST" skipped="0">
  <testcase classname="qa.com.testcases.Testcase2" name="log" time="13.273"/>
</testsuite> <!-- qa.com.testcases.Testcase2 -->
